[    0.000000] Linux version 4.15.0-204-generic (buildd@lcy02-amd64-030) (gcc version 7.5.0 (Ubuntu 7.5.0-3ubuntu1~18.04)) #215-Ubuntu SMP Fri Jan 20 18:24:59 UTC 2023 (Ubuntu 4.15.0-204.215-generic 4.15.18)
[    0.000000] Command line: BOOT_IMAGE=/boot/vmlinuz-4.15.0-204-generic root=LABEL=cloudimg-rootfs ro console=tty1 console=ttyS0
[    0.000000] KERNEL supported cpus:
[    0.000000]   Intel GenuineIntel
[    0.000000]   AMD AuthenticAMD
[    0.000000]   Centaur CentaurHauls
[    0.000000] x86/fpu: Supporting XSAVE feature 0x001: 'x87 floating point registers'
[    0.000000] x86/fpu: Supporting XSAVE feature 0x002: 'SSE registers'
[    0.000000] x86/fpu: Supporting XSAVE feature 0x004: 'AVX registers'
[    0.000000] x86/fpu: xstate_offset[2]:  576, xstate_sizes[2]:  256
[    0.000000] x86/fpu: Enabled xstate features 0x7, context size is 832 bytes, using 'standard' format.
[    0.000000] e820: BIOS-provided physical RAM map:
[    0.000000] BIOS-e820: [mem 0x0000000000000000-0x000000000009fbff] usable
[    0.000000] BIOS-e820: [mem 0x000000000009fc00-0x000000000009ffff] reserved
[    0.000000] BIOS-e820: [mem 0x00000000000f0000-0x00000000000fffff] reserved
[    0.000000] BIOS-e820: [mem 0x0000000000100000-0x00000000dffeffff] usable
[    0.000000] BIOS-e820: [mem 0x00000000dfff0000-0x00000000dfffffff] ACPI data
[    0.000000] BIOS-e820: [mem 0x00000000fec00000-0x00000000fec00fff] reserved
[    0.000000] BIOS-e820: [mem 0x00000000fee00000-0x00000000fee00fff] reserved
[    0.000000] BIOS-e820: [mem 0x00000000fffc0000-0x00000000ffffffff] reserved
[    0.000000] BIOS-e820: [mem 0x0000000100000000-0x00000009e3ffffff] usable
[    0.000000] NX (Execute Disable) protection: active
[    0.000000] SMBIOS 2.5 present.
[    0.000000] DMI: innotek GmbH VirtualBox/VirtualBox, BIOS VirtualBox 12/01/2006
[    0.000000] Hypervisor detected: KVM
[    0.000000] e820: last_pfn = 0x9e4000 max_arch_pfn = 0x400000000
[    0.000000] MTRR: Disabled
[    0.000000] x86/PAT: MTRRs disabled, skipping PAT initialization too.
[    0.000000] CPU MTRRs all blank - virtualized system.
[    0.000000] x86/PAT: Configuration [0-7]: WB  WT  UC- UC  WB  WT  UC- UC  
[    0.000000] e820: last_pfn = 0xdfff0 max_arch_pfn = 0x400000000
[    0.000000] found SMP MP-table at [mem 0x0009fff0-0x0009ffff]
[    0.000000] Scanning 1 areas for low memory corruption
[    0.000000] RAMDISK: [mem 0x359c9000-0x36cdbfff]
[    0.000000] ACPI: Early table checksum verification disabled
[    0.000000] ACPI: RSDP 0x00000000000E0000 000024 (v02 VBOX  )
[    0.000000] ACPI: XSDT 0x00000000DFFF0030 00003C (v01 VBOX   VBOXXSDT 00000001 ASL  00000061)
[    0.000000] ACPI: FACP 0x00000000DFFF00F0 0000F4 (v04 VBOX   VBOXFACP 00000001 ASL  00000061)
[    0.000000] ACPI: DSDT 0x00000000DFFF0490 002325 (v02 VBOX   VBOXBIOS 00000002 INTL 20200925)
[    0.000000] ACPI: FACS 0x00000000DFFF0200 000040
[    0.000000] ACPI: FACS 0x00000000DFFF0200 000040
[    0.000000] ACPI: APIC 0x00000000DFFF0240 00007C (v02 VBOX   VBOXAPIC 00000001 ASL  00000061)
[    0.000000] ACPI: SSDT 0x00000000DFFF02C0 0001CC (v01 VBOX   VBOXCPUT 00000002 INTL 20200925)
[    0.000000] ACPI: Reserving FACP table memory at [mem 0xdfff00f0-0xdfff01e3]
[    0.000000] ACPI: Reserving DSDT table memory at [mem 0xdfff0490-0xdfff27b4]
[    0.000000] ACPI: Reserving FACS table memory at [mem 0xdfff0200-0xdfff023f]
[    0.000000] ACPI: Reserving FACS table memory at [mem 0xdfff0200-0xdfff023f]
[    0.000000] ACPI: Reserving APIC table memory at [mem 0xdfff0240-0xdfff02bb]
[    0.000000] ACPI: Reserving SSDT table memory at [mem 0xdfff02c0-0xdfff048b]
[    0.000000] No NUMA configuration found
[    0.000000] Faking a node at [mem 0x0000000000000000-0x00000009e3ffffff]
[    0.000000] NODE_DATA(0) allocated [mem 0x9e3fb5000-0x9e3fdffff]
[    0.000000] kvm-clock: cpu 0, msr 9:e3f34001, primary cpu clock
[    0.000000] kvm-clock: Using msrs 4b564d01 and 4b564d00
[    0.000000] kvm-clock: using sched offset of 3293996061 cycles
[    0.000000] clocksource: kvm-clock: mask: 0xffffffffffffffff max_cycles: 0x1cd42e4dffb, max_idle_ns: 881590591483 ns
[    0.000000] Zone ranges:
[    0.000000]   DMA      [mem 0x0000000000001000-0x0000000000ffffff]
[    0.000000]   DMA32    [mem 0x0000000001000000-0x00000000ffffffff]
[    0.000000]   Normal   [mem 0x0000000100000000-0x00000009e3ffffff]
[    0.000000]   Device   empty
[    0.000000] Movable zone start for each node
[    0.000000] Early memory node ranges
[    0.000000]   node   0: [mem 0x0000000000001000-0x000000000009efff]
[    0.000000]   node   0: [mem 0x0000000000100000-0x00000000dffeffff]
[    0.000000]   node   0: [mem 0x0000000100000000-0x00000009e3ffffff]
[    0.000000] Reserved but unavailable: 104 pages
[    0.000000] Initmem setup node 0 [mem 0x0000000000001000-0x00000009e3ffffff]
[    0.000000] ACPI: PM-Timer IO Port: 0x4008
[    0.000000] IOAPIC[0]: apic_id 6, version 32, address 0xfec00000, GSI 0-23
[    0.000000] ACPI: INT_SRC_OVR (bus 0 bus_irq 0 global_irq 2 dfl dfl)
[    0.000000] ACPI: INT_SRC_OVR (bus 0 bus_irq 9 global_irq 9 low level)
[    0.000000] Using ACPI (MADT) for SMP configuration information
[    0.000000] smpboot: Allowing 6 CPUs, 0 hotplug CPUs
[    0.000000] PM: Registered nosave memory: [mem 0x00000000-0x00000fff]
[    0.000000] PM: Registered nosave memory: [mem 0x0009f000-0x0009ffff]
[    0.000000] PM: Registered nosave memory: [mem 0x000a0000-0x000effff]
[    0.000000] PM: Registered nosave memory: [mem 0x000f0000-0x000fffff]
[    0.000000] PM: Registered nosave memory: [mem 0xdfff0000-0xdfffffff]
[    0.000000] PM: Registered nosave memory: [mem 0xe0000000-0xfebfffff]
[    0.000000] PM: Registered nosave memory: [mem 0xfec00000-0xfec00fff]
[    0.000000] PM: Registered nosave memory: [mem 0xfec01000-0xfedfffff]
[    0.000000] PM: Registered nosave memory: [mem 0xfee00000-0xfee00fff]
[    0.000000] PM: Registered nosave memory: [mem 0xfee01000-0xfffbffff]
[    0.000000] PM: Registered nosave memory: [mem 0xfffc0000-0xffffffff]
[    0.000000] e820: [mem 0xe0000000-0xfebfffff] available for PCI devices
[    0.000000] Booting paravirtualized kernel on KVM
[    0.000000] clocksource: refined-jiffies: mask: 0xffffffff max_cycles: 0xffffffff, max_idle_ns: 7645519600211568 ns
[    0.000000] setup_percpu: NR_CPUS:8192 nr_cpumask_bits:6 nr_cpu_ids:6 nr_node_ids:1
[    0.000000] percpu: Embedded 50 pages/cpu s167936 r8192 d28672 u262144
[    0.000000] PV qspinlock hash table entries: 256 (order: 0, 4096 bytes)
[    0.000000] Built 1 zonelists, mobility grouping on.  Total pages: 10079865
[    0.000000] Policy zone: Normal
[    0.000000] Kernel command line: BOOT_IMAGE=/boot/vmlinuz-4.15.0-204-generic root=LABEL=cloudimg-rootfs ro console=tty1 console=ttyS0
[    0.000000] Memory: 40202532K/40959544K available (12300K kernel code, 2477K rwdata, 4324K rodata, 2480K init, 2720K bss, 757012K reserved, 0K cma-reserved)
[    0.000000] SLUB: HWalign=64, Order=0-3, MinObjects=0, CPUs=6, Nodes=1
[    0.000000] Kernel/User page tables isolation: enabled
[    0.000000] ftrace: allocating 39488 entries in 155 pages
[    0.004000] Hierarchical RCU implementation.
[    0.004000] 	RCU restricting CPUs from NR_CPUS=8192 to nr_cpu_ids=6.
[    0.004000] 	Tasks RCU enabled.
[    0.004000] RCU: Adjusting geometry for rcu_fanout_leaf=16, nr_cpu_ids=6
[    0.004000] NR_IRQS: 524544, nr_irqs: 472, preallocated irqs: 16
[    0.004000] random: crng init done
[    0.004000] Console: colour VGA+ 80x25
[    0.004000] console [tty1] enabled
[    0.004000] console [ttyS0] enabled
[    0.004000] ACPI: Core revision 20170831
[    0.004000] ACPI: 2 ACPI AML tables successfully acquired and loaded
[    0.004000] APIC: Switch to symmetric I/O mode setup
[    0.004000] x2apic enabled
[    0.004000] Switched APIC routing to physical x2apic.
[    0.004000] ..TIMER: vector=0x30 apic1=0 pin1=2 apic2=-1 pin2=-1
[    0.004004] tsc: Detected 2207.984 MHz processor
[    0.004872] Calibrating delay loop (skipped) preset value.. 4415.96 BogoMIPS (lpj=8831936)
[    0.008003] pid_max: default: 32768 minimum: 301
[    0.008901] Security Framework initialized
[    0.009711] Yama: becoming mindful.
[    0.010474] AppArmor: AppArmor initialized
[    0.033968] Dentry cache hash table entries: 8388608 (order: 14, 67108864 bytes)
[    0.045504] Inode-cache hash table entries: 4194304 (order: 13, 33554432 bytes)
[    0.047318] Mount-cache hash table entries: 131072 (order: 8, 1048576 bytes)
[    0.048076] Mountpoint-cache hash table entries: 131072 (order: 8, 1048576 bytes)
[    0.049595] Last level iTLB entries: 4KB 64, 2MB 8, 4MB 8
[    0.051069] Last level dTLB entries: 4KB 64, 2MB 0, 4MB 0, 1GB 4
[    0.052004] Spectre V1 : Mitigation: usercopy/swapgs barriers and __user pointer sanitization
[    0.053401] Spectre V2 : Mitigation: Retpolines
[    0.054178] Spectre V2 : Spectre v2 / SpectreRSB mitigation: Filling RSB on context switch
[    0.056001] Spectre V2 : Spectre v2 / SpectreRSB : Filling RSB on VMEXIT
[    0.057063] RETBleed: WARNING: Spectre v2 mitigation leaves CPU vulnerable to RETBleed attacks, data leaks possible!
[    0.060002] RETBleed: Vulnerable
[    0.060591] Speculative Store Bypass: Vulnerable
[    0.061515] MDS: Mitigation: Clear CPU buffers
[    0.062235] MMIO Stale Data: Mitigation: Clear CPU buffers
[    0.063340] SRBDS: Unknown: Dependent on hypervisor status
[    0.064163] Freeing SMP alternatives memory: 36K
[    0.176874] smpboot: CPU0: Intel(R) Core(TM) i7-10870H CPU @ 2.20GHz (family: 0x6, model: 0xa5, stepping: 0x2)
[    0.178735] Performance Events: unsupported p6 CPU model 165 no PMU driver, software events only.
[    0.180000] Hierarchical SRCU implementation.
[    0.180504] NMI watchdog: Perf event create on CPU 0 failed with -2
[    0.181569] NMI watchdog: Perf NMI watchdog permanently disabled
[    0.183350] smp: Bringing up secondary CPUs ...
[    0.184136] x86: Booting SMP configuration:
[    0.184872] .... node  #0, CPUs:      #1
[    0.004000] kvm-clock: cpu 1, msr 9:e3f34041, secondary cpu clock
[    0.188067]  #2
[    0.004000] kvm-clock: cpu 2, msr 9:e3f34081, secondary cpu clock
[    0.192086]  #3
[    0.004000] kvm-clock: cpu 3, msr 9:e3f340c1, secondary cpu clock
[    0.196066]  #4
[    0.004000] kvm-clock: cpu 4, msr 9:e3f34101, secondary cpu clock
[    0.200088]  #5
[    0.004000] kvm-clock: cpu 5, msr 9:e3f34141, secondary cpu clock
[    0.204079] smp: Brought up 1 node, 6 CPUs
[    0.205162] smpboot: Max logical packages: 1
[    0.206055] smpboot: Total of 6 processors activated (26495.80 BogoMIPS)
[    0.208890] devtmpfs: initialized
[    0.208890] x86/mm: Memory block size: 128MB
[    0.213870] evm: security.selinux
[    0.214761] evm: security.SMACK64
[    0.216000] evm: security.SMACK64EXEC
[    0.216000] evm: security.SMACK64TRANSMUTE
[    0.216003] evm: security.SMACK64MMAP
[    0.216695] evm: security.apparmor
[    0.220002] evm: security.ima
[    0.220965] evm: security.capability
[    0.221851] clocksource: jiffies: mask: 0xffffffff max_cycles: 0xffffffff, max_idle_ns: 7645041785100000 ns
[    0.224009] futex hash table entries: 2048 (order: 5, 131072 bytes)
[    0.225314] pinctrl core: initialized pinctrl subsystem
[    0.226364] RTC time:  9:26:35, date: 03/01/23
[    0.228510] NET: Registered protocol family 16
[    0.229954] audit: initializing netlink subsys (disabled)
[    0.231172] audit: type=2000 audit(1677662799.940:1): state=initialized audit_enabled=0 res=1
[    0.232006] cpuidle: using governor ladder
[    0.232961] cpuidle: using governor menu
[    0.233913] ACPI: bus type PCI registered
[    0.234614] acpiphp: ACPI Hot Plug PCI Controller Driver version: 0.5
[    0.236089] PCI: Using configuration type 1 for base access
[    0.240564] HugeTLB registered 2.00 MiB page size, pre-allocated 0 pages
[    0.241314] ACPI: Added _OSI(Module Device)
[    0.244008] ACPI: Added _OSI(Processor Device)
[    0.245308] ACPI: Added _OSI(3.0 _SCP Extensions)
[    0.246257] ACPI: Added _OSI(Processor Aggregator Device)
[    0.247173] ACPI: Added _OSI(Linux-Dell-Video)
[    0.248003] ACPI: Added _OSI(Linux-Lenovo-NV-HDMI-Audio)
[    0.249141] ACPI: Added _OSI(Linux-HPI-Hybrid-Graphics)
[    0.250449] ACPI: Executed 1 blocks of module-level executable AML code
[    0.257351] ACPI: Interpreter enabled
[    0.258134] ACPI: (supports S0 S5)
[    0.258885] ACPI: Using IOAPIC for interrupt routing
[    0.260392] PCI: Using host bridge windows from ACPI; if necessary, use "pci=nocrs" and report a bug
[    0.262625] ACPI: Enabled 2 GPEs in block 00 to 07
[    0.270021] ACPI: PCI Root Bridge [PCI0] (domain 0000 [bus 00-ff])
[    0.271212] acpi PNP0A03:00: _OSC: OS supports [ASPM ClockPM Segments MSI]
[    0.272381] acpi PNP0A03:00: _OSC: not requesting OS control; OS requires [ExtendedConfig ASPM ClockPM MSI]
[    0.274208] acpi PNP0A03:00: fail to add MMCONFIG information, can't access extended PCI configuration space under this bridge.
[    0.276435] PCI host bridge to bus 0000:00
[    0.277203] pci_bus 0000:00: root bus resource [io  0x0000-0x0cf7 window]
[    0.278347] pci_bus 0000:00: root bus resource [io  0x0d00-0xffff window]
[    0.280003] pci_bus 0000:00: root bus resource [mem 0x000a0000-0x000bffff window]
[    0.281452] pci_bus 0000:00: root bus resource [mem 0xe0000000-0xfdffffff window]
[    0.284004] pci_bus 0000:00: root bus resource [bus 00-ff]
[    0.286835] pci 0000:00:01.1: legacy IDE quirk: reg 0x10: [io  0x01f0-0x01f7]
[    0.288002] pci 0000:00:01.1: legacy IDE quirk: reg 0x14: [io  0x03f6]
[    0.289304] pci 0000:00:01.1: legacy IDE quirk: reg 0x18: [io  0x0170-0x0177]
[    0.291295] pci 0000:00:01.1: legacy IDE quirk: reg 0x1c: [io  0x0376]
[    0.505412] pci 0000:00:07.0: quirk: [io  0x4000-0x403f] claimed by PIIX4 ACPI
[    0.507430] pci 0000:00:07.0: quirk: [io  0x4100-0x410f] claimed by PIIX4 SMB
[    0.578570] ACPI: PCI Interrupt Link [LNKA] (IRQs 5 9 10 *11)
[    0.580474] ACPI: PCI Interrupt Link [LNKB] (IRQs 5 9 *10 11)
[    0.582104] ACPI: PCI Interrupt Link [LNKC] (IRQs 5 *9 10 11)
[    0.584252] ACPI: PCI Interrupt Link [LNKD] (IRQs 5 9 10 *11)
[    0.586420] SCSI subsystem initialized
[    0.588117] pci 0000:00:02.0: vgaarb: setting as boot VGA device
[    0.589562] pci 0000:00:02.0: vgaarb: VGA device added: decodes=io+mem,owns=io+mem,locks=none
[    0.592006] pci 0000:00:02.0: vgaarb: bridge control possible
[    0.594006] vgaarb: loaded
[    0.594785] ACPI: bus type USB registered
[    0.596014] usbcore: registered new interface driver usbfs
[    0.597429] usbcore: registered new interface driver hub
[    0.598737] usbcore: registered new device driver usb
[    0.600024] EDAC MC: Ver: 3.0.0
[    0.601610] PCI: Using ACPI for IRQ routing
[    0.604322] NetLabel: Initializing
[    0.605228] NetLabel:  domain hash size = 128
[    0.606273] NetLabel:  protocols = UNLABELED CIPSOv4 CALIPSO
[    0.608038] NetLabel:  unlabeled traffic allowed by default
[    0.609385] clocksource: Switched to clocksource kvm-clock
[    0.625932] VFS: Disk quotas dquot_6.6.0
[    0.626912] VFS: Dquot-cache hash table entries: 512 (order 0, 4096 bytes)
[    0.628131] AppArmor: AppArmor Filesystem Enabled
[    0.629732] pnp: PnP ACPI init
[    0.631581] pnp: PnP ACPI: found 3 devices
[    0.638001] clocksource: acpi_pm: mask: 0xffffff max_cycles: 0xffffff, max_idle_ns: 2085701024 ns
[    0.639744] NET: Registered protocol family 2
[    0.641200] IP idents hash table entries: 262144 (order: 9, 2097152 bytes)
[    0.644316] TCP established hash table entries: 524288 (order: 10, 4194304 bytes)
[    0.647390] TCP bind hash table entries: 65536 (order: 8, 1048576 bytes)
[    0.649199] TCP: Hash tables configured (established 524288 bind 65536)
[    0.651013] UDP hash table entries: 32768 (order: 8, 1048576 bytes)
[    0.652608] UDP-Lite hash table entries: 32768 (order: 8, 1048576 bytes)
[    0.654134] NET: Registered protocol family 1
[    0.655069] pci 0000:00:00.0: Limiting direct PCI/PCI transfers
[    0.656116] pci 0000:00:01.0: Activating ISA DMA hang workarounds
[    0.657187] pci 0000:00:02.0: Video device with shadowed ROM at [mem 0x000c0000-0x000dffff]
[    0.658734] Unpacking initramfs...
[    0.903451] Freeing initrd memory: 19532K
[    0.904427] PCI-DMA: Using software bounce buffering for IO (SWIOTLB)
[    0.905595] software IO TLB: mapped [mem 0xdbff0000-0xdfff0000] (64MB)
[    0.906833] clocksource: tsc: mask: 0xffffffffffffffff max_cycles: 0x1fd3a905b47, max_idle_ns: 440795263197 ns
[    0.908687] platform rtc_cmos: registered platform RTC device (no PNP device found)
[    0.910088] Scanning for low memory corruption every 60 seconds
[    0.912120] Initialise system trusted keyrings
[    0.912961] Key type blacklist registered
[    0.913890] workingset: timestamp_bits=36 max_order=24 bucket_order=0
[    0.915822] zbud: loaded
[    0.916981] squashfs: version 4.0 (2009/01/31) Phillip Lougher
[    0.918193] fuse init (API version 7.26)
[    0.922672] Key type asymmetric registered
[    0.923419] Asymmetric key parser 'x509' registered
[    0.924505] Block layer SCSI generic (bsg) driver version 0.4 loaded (major 246)
[    0.925900] io scheduler noop registered
[    0.926660] io scheduler deadline registered
[    0.927472] io scheduler cfq registered (default)
[    0.929392] ACPI: AC Adapter [AC] (off-line)
[    0.930230] input: Power Button as /devices/LNXSYSTM:00/LNXPWRBN:00/input/input0
[    0.931672] ACPI: Power Button [PWRF]
[    0.932590] input: Sleep Button as /devices/LNXSYSTM:00/LNXSLPBN:00/input/input1
[    0.933885] ACPI: Sleep Button [SLPF]
[    0.935167] Serial: 8250/16550 driver, 32 ports, IRQ sharing enabled
[    0.935984] ACPI: Battery Slot [BAT0] (battery present)
[    0.957874] 00:02: ttyS0 at I/O 0x3f8 (irq = 4, base_baud = 115200) is a 16550A
[    0.960268] Linux agpgart interface v0.103
[    0.963021] loop: module loaded
[    0.964395] scsi host0: ata_piix
[    0.965537] scsi host1: ata_piix
[    0.966190] ata1: PATA max UDMA/33 cmd 0x1f0 ctl 0x3f6 bmdma 0xd000 irq 14
[    0.967413] ata2: PATA max UDMA/33 cmd 0x170 ctl 0x376 bmdma 0xd008 irq 15
[    0.968781] tun: Universal TUN/TAP device driver, 1.6
[    0.969969] PPP generic driver version 2.4.2
[    0.970854] ehci_hcd: USB 2.0 'Enhanced' Host Controller (EHCI) Driver
[    0.971949] ehci-pci: EHCI PCI platform driver
[    0.972846] ehci-platform: EHCI generic platform driver
[    0.973738] ohci_hcd: USB 1.1 'Open' Host Controller (OHCI) Driver
[    0.974841] ohci-pci: OHCI PCI platform driver
[    0.975615] ohci-platform: OHCI generic platform driver
[    0.976561] uhci_hcd: USB Universal Host Controller Interface driver
[    0.977636] i8042: PNP: PS/2 Controller [PNP0303:PS2K,PNP0f03:PS2M] at 0x60,0x64 irq 1,12
[    0.979648] serio: i8042 KBD port at 0x60,0x64 irq 1
[    0.980634] serio: i8042 AUX port at 0x60,0x64 irq 12
[    0.981599] mousedev: PS/2 mouse device common for all mice
[    0.983347] rtc_cmos rtc_cmos: rtc core: registered rtc_cmos as rtc0
[    0.984706] rtc_cmos rtc_cmos: alarms up to one day, 114 bytes nvram
[    0.985937] input: AT Translated Set 2 keyboard as /devices/platform/i8042/serio0/input/input2
[    0.987770] i2c /dev entries driver
[    0.988905] device-mapper: uevent: version 1.0.3
[    0.989916] device-mapper: ioctl: 4.37.0-ioctl (2017-09-20) initialised: dm-devel@redhat.com
[    0.992365] ledtrig-cpu: registered to indicate activity on CPUs
[    0.994470] NET: Registered protocol family 10
[    1.000527] Segment Routing with IPv6
[    1.001284] NET: Registered protocol family 17
[    1.002250] Key type dns_resolver registered
[    1.004180] mce: Using 0 MCE banks
[    1.004919] RAS: Correctable Errors collector initialized.
[    1.005969] sched_clock: Marking stable (1004113154, 0)->(1564547869, -560434715)
[    1.008167] registered taskstats version 1
[    1.009081] Loading compiled-in X.509 certificates
[    1.012739] Loaded X.509 cert 'Build time autogenerated kernel key: 449f52b446813ee48ad446aa51a5377584e80c28'
[    1.015151] Loaded X.509 cert 'Canonical Ltd. Live Patch Signing: 14df34d1a87cf37625abec039ef2bf521249b969'
[    1.017590] Loaded X.509 cert 'Canonical Ltd. Kernel Module Signing: 88f752e560a1e0737e31163a466ad7b70a850c19'
[    1.019414] blacklist: Loading compiled-in revocation X.509 certificates
[    1.020792] Loaded X.509 cert 'Canonical Ltd. Secure Boot Signing: 61482aa2830d0ab2ad5af10b7250da9033ddcef0'
[    1.022729] Loaded X.509 cert 'Canonical Ltd. Secure Boot Signing (2017): 242ade75ac4a15e50d50c84b0d45ff3eae707a03'
[    1.024686] Loaded X.509 cert 'Canonical Ltd. Secure Boot Signing (ESM 2018): 365188c1d374d6b07c3c8f240f8ef722433d6a8b'
[    1.026641] Loaded X.509 cert 'Canonical Ltd. Secure Boot Signing (2019): c0746fd6c5da3ae827864651ad66ae47fe24b3e8'
[    1.028540] Loaded X.509 cert 'Canonical Ltd. Secure Boot Signing (2021 v1): a8d54bbb3825cfb94fa13c9f8a594a195c107b8d'
[    1.030403] Loaded X.509 cert 'Canonical Ltd. Secure Boot Signing (2021 v2): 4cf046892d6fd3c9a5b03f98d845f90851dc6a8c'
[    1.032454] Loaded X.509 cert 'Canonical Ltd. Secure Boot Signing (2021 v3): 100437bb6de6e469b581e61cd66bce3ef4ed53af'
[    1.034301] Loaded X.509 cert 'Canonical Ltd. Secure Boot Signing (Ubuntu Core 2019): c1d57b8f6b743f23ee41f4f7ee292f06eecadfb9'
[    1.036393] zswap: loaded using pool lzo/zbud
[    1.042111] Key type big_key registered
[    1.043055] Key type trusted registered
[    1.046075] Key type encrypted registered
[    1.047044] AppArmor: AppArmor sha1 policy hashing enabled
[    1.048223] ima: No TPM chip found, activating TPM-bypass! (rc=-19)
[    1.049448] ima: Allocated hash algorithm: sha1
[    1.050300] evm: HMAC attrs: 0x1
[    1.051235]   Magic number: 15:382:423
[    1.052202] rtc_cmos rtc_cmos: setting system clock to 2023-03-01 09:26:35 UTC (1677662795)
[    1.053951] BIOS EDD facility v0.16 2004-Jun-25, 0 devices found
[    1.055098] EDD information not available.
[    1.153938] Freeing unused kernel image memory: 2480K
[    1.202352] Write protecting the kernel read-only data: 20480k
[    1.208271] Freeing unused kernel image memory: 2008K
[    1.211810] Freeing unused kernel image memory: 1820K
[    1.220970] x86/mm: Checked W+X mappings: passed, no W+X pages found.
[    1.222273] x86/mm: Checking user space page tables
[    1.231082] x86/mm: Checked W+X mappings: passed, no W+X pages found.
Loading, please wait...
starting version 237
[    1.309137] Fusion MPT base driver 3.04.20
[    1.310831] Copyright (c) 1999-2008 LSI Corporation
[    1.316669] e1000: Intel(R) PRO/1000 Network Driver - version 7.3.21-k8-NAPI
[    1.318314] e1000: Copyright (c) 1999-2006 Intel Corporation.
[    1.323536] Fusion MPT SPI Host driver 3.04.20
[    1.323567] AVX2 version of gcm_enc/dec engaged.
[    1.326116] AES CTR mode by8 optimization enabled
[    1.518803] input: ImExPS/2 Generic Explorer Mouse as /devices/platform/i8042/serio1/input/input4
[    1.694710] e1000 0000:00:03.0 eth0: (PCI:33MHz:32-bit) 02:ea:ac:f2:75:47
[    1.696283] e1000 0000:00:03.0 eth0: Intel(R) PRO/1000 Network Connection
[    1.699168] e1000 0000:00:03.0 enp0s3: renamed from eth0
[    1.699179] mptbase: ioc0: Initiating bringup
[    2.120667] ioc0: LSI53C1030 A0: Capabilities={Initiator}
[    4.423024] scsi host2: ioc0: LSI53C1030 A0, FwRev=00000000h, Ports=1, MaxQ=256, IRQ=20
[    5.923056] scsi 2:0:0:0: Direct-Access     VBOX     HARDDISK         1.0  PQ: 0 ANSI: 5
[    6.104162] scsi target2:0:0: Beginning Domain Validation
[    6.109936] scsi target2:0:0: Domain Validation skipping write tests
[    6.111798] scsi target2:0:0: Ending Domain Validation
[    6.113009] scsi target2:0:0: asynchronous
[    6.114509] scsi 2:0:1:0: Direct-Access     VBOX     HARDDISK         1.0  PQ: 0 ANSI: 5
[    6.534312] scsi target2:0:1: Beginning Domain Validation
[    6.547705] scsi target2:0:1: Domain Validation skipping write tests
[    6.550488] scsi target2:0:1: Ending Domain Validation
[    6.552544] scsi target2:0:1: asynchronous
[    6.568370] sd 2:0:0:0: Attached scsi generic sg0 type 0
[    6.569296] sd 2:0:0:0: [sda] 83886080 512-byte logical blocks: (42.9 GB/40.0 GiB)
[    6.571556] sd 2:0:1:0: Attached scsi generic sg1 type 0
[    6.571845] sd 2:0:1:0: [sdb] 20480 512-byte logical blocks: (10.5 MB/10.0 MiB)
[    6.571966] sd 2:0:1:0: [sdb] Write Protect is off
[    6.572216] sd 2:0:1:0: [sdb] Incomplete mode parameter data
[    6.572217] sd 2:0:1:0: [sdb] Assuming drive cache: write through
[    6.573230] sd 2:0:0:0: [sda] Write Protect is off
[    6.575253] sd 2:0:1:0: [sdb] Attached SCSI disk
[    6.582390] sd 2:0:0:0: [sda] Incomplete mode parameter data
[    6.583882] sd 2:0:0:0: [sda] Assuming drive cache: write through
[    6.586557]  sda: sda1
[    6.588363] sd 2:0:0:0: [sda] Attached SCSI disk
Begin: Loading essential drivers ... [    8.260150] raid6: sse2x1   gen()  6499 MB/s
[    8.308131] raid6: sse2x1   xor()  6425 MB/s
[    8.356130] raid6: sse2x2   gen() 14149 MB/s
[    8.404135] raid6: sse2x2   xor()  9318 MB/s
[    8.452230] raid6: sse2x4   gen() 15622 MB/s
[    8.500160] raid6: sse2x4   xor()  9447 MB/s
[    8.548140] raid6: avx2x1   gen() 21695 MB/s
[    8.596103] raid6: avx2x1   xor() 12404 MB/s
[    8.644138] raid6: avx2x2   gen() 27338 MB/s
[    8.692171] raid6: avx2x2   xor() 16616 MB/s
[    8.740267] raid6: avx2x4   gen() 28644 MB/s
[    8.788195] raid6: avx2x4   xor() 17282 MB/s
[    8.788934] raid6: using algorithm avx2x4 gen() 28644 MB/s
[    8.789728] raid6: .... xor() 17282 MB/s, rmw enabled
[    8.790517] raid6: using avx2x2 recovery algorithm
[    8.793192] xor: automatically using best checksumming function   avx       
[    8.796275] async_tx: api initialized (async)
done.
Begin: Running /scripts/init-premount ... done.
Begin: Mounting root file system ... Begin: Running /scripts/local-top ... done.
Begin: Running /scripts/local-premount ... [    8.846875] Btrfs loaded, crc32c=crc32c-intel
Scanning for Btrfs filesystems
done.
Warning: fsck not present, so skipping root file system
[    8.893623] EXT4-fs (sda1): INFO: recovery required on readonly filesystem
[    8.894749] EXT4-fs (sda1): write access will be enabled during recovery
[    8.916514] EXT4-fs (sda1): recovery complete
[    8.917721] EXT4-fs (sda1): mounted filesystem with ordered data mode. Opts: (null)
done.
Begin: Running /scripts/local-bottom ... done.
Begin: Running /scripts/init-bottom ... done.
[    9.147932] ip_tables: (C) 2000-2006 Netfilter Core Team
[    9.157408] systemd[1]: systemd 237 running in system mode. (+PAM +AUDIT +SELINUX +IMA +APPARMOR +SMACK +SYSVINIT +UTMP +LIBCRYPTSETUP +GCRYPT +GNUTLS +ACL +XZ +LZ4 +SECCOMP +BLKID +ELFUTILS +KMOD -IDN2 +IDN -PCRE2 default-hierarchy=hybrid)
[    9.161748] systemd[1]: Detected virtualization oracle.
[    9.162890] systemd[1]: Detected architecture x86-64.

Welcome to [1mUbuntu 18.04.6 LTS[0m!

[    9.174902] systemd[1]: Set hostname to <ubuntu-bionic>.
[    9.432449] systemd[1]: Reached target Mounting snaps.
[[0;32m  OK  [0m] Reached target Mounting snaps.
[    9.434350] systemd[1]: Set up automount Arbitrary Executable File Formats File System Automount Point.
[[0;32m  OK  [0m] Set up automount Arbitrary Executab…rmats File System Automount Point.
[    9.442259] systemd[1]: Created slice User and Session Slice.
[[0;32m  OK  [0m] Created slice User and Session Slice.
[    9.444255] systemd[1]: Reached target System Time Synchronized.
[[0;32m  OK  [0m] Reached target System Time Synchronized.
[    9.446227] systemd[1]: Started Forward Password Requests to Wall Directory Watch.
[[0;32m  OK  [0m] Started Forward Password Requests to Wall Directory Watch.
[    9.448977] systemd[1]: Reached target Mounted snaps.
[[0;32m  OK  [0m] Reached target Mounted snaps.
[[0;32m  OK  [0m] Reached target Swap.
[[0;32m  OK  [0m] Created slice System Slice.
[[0;32m  OK  [0m] Listening on Journal Socket (/dev/log).
[[0;32m  OK  [0m] Created slice system-serial\x2dgetty.slice.
[[0;32m  OK  [0m] Listening on Device-mapper event daemon FIFOs.
[[0;32m  OK  [0m] Listening on Network Service Netlink Socket.
[[0;32m  OK  [0m] Listening on Journal Socket.
         Mounting Huge Pages File System...
         Mounting POSIX Message Queue File System...
         Starting Uncomplicated firewall...
[[0;32m  OK  [0m] Listening on udev Control Socket.
[[0;32m  OK  [0m] Reached target Slices.
[[0;32m  OK  [0m] Listening on fsck to fsckd communication Socket.
         Starting File System Check on Root Device...
[[0;32m  OK  [0m] Listening on udev Kernel Socket.
         Starting udev Coldplug all Devices...
         Starting Create list of required st…ce nodes for the current kernel...
         Starting Set the console keyboard layout...
[[0;32m  OK  [0m] Listening on Journal Audit Socket.
[[0;32m  OK  [0m] Listening on /dev/initctl Compatibility Named Pipe.
         Mounting Kernel Debug File System...
[[0;32m  OK  [0m] Listening on Syslog Socket.
         Starting Journal Service...
[[0;32m  OK  [0m] Listening on LVM2 metadata daemon socket.
[[0;32m  OK  [0m] Listening on LVM2 poll daemon socket.
[[0;32m  OK  [0m] Reached target User and Group Name Lookups.
         Starting Load Kernel Modules...
         Starting Monitoring of LVM2 mirrors…ng dmeventd or progress polling...
[[0;32m  OK  [0m] Mounted Huge Pages File System.
[[0;32m  OK  [0m] Mounted POSIX Message Queue File System.
[[0;32m  OK  [0m] Started Uncomplicated firewall.
[[0;32m  OK  [0m] Started Create list of required sta…vice nodes for the current kernel.
[[0;32m  OK  [0m] Mounted Kernel Debug File System.
[[0;32m  OK  [0m] Started File System Check Daemon to report status.
         Starting Create Static Device Nodes in /dev...
[[0;32m  OK  [0m] Started File System Check on Root Device.
         Starting Remount Root and Kernel File Systems...
[    9.539218] Loading iSCSI transport class v2.0-870.
[[0;32m  OK  [0m] Started Journal Service.
[    9.547621] iscsi: registered transport (tcp)
[[0;32m  OK  [0m] Started udev Coldplug all Devices.
[[0;32m  OK  [0m] Started Create Static Device Nodes in /dev.
[    9.627426] EXT4-fs (sda1): re-mounted. Opts: (null)
[[0;32m  OK  [0m] Started Remount Root and Kernel File Systems.
         Starting Flush Journal to Persistent Storage...
         Starting Load/Save Random Seed...
[    9.647180] iscsi: registered transport (iser)
         Starting udev Kernel Device Manager...
[[0;32m  OK  [0m] Started Load Kernel Modules.
[[0;32m  OK  [0m] Started LVM2 metadata daemon.
         Mounting Kernel Configuration File System...
         Starting Apply Kernel Variables...
         Mounting FUSE Control File System...
[[0;32m  OK  [0m] Started Load/Save Random Seed.
[[0;32m  OK  [0m] Mounted Kernel Configuration File System.
[[0;32m  OK  [0m] Mounted FUSE Control File System.
[    9.689821] systemd-journald[454]: Received request to flush runtime journal from PID 1
[[0;32m  OK  [0m] Started udev Kernel Device Manager.
[[0;32m  OK  [0m] Started Set the console keyboard layout.
[[0;32m  OK  [0m] Started Dispatch Password Requests to Console Directory Watch.
[[0;32m  OK  [0m] Reached target Local Encrypted Volumes.
[[0;32m  OK  [0m] Started Monitoring of LVM2 mirrors,…sing dmeventd or progress polling.
[[0;32m  OK  [0m] Reached target Local File Systems (Pre).
[[0;32m  OK  [0m] Reached target Local File Systems.
         Starting ebtables ruleset management...
         Starting AppArmor initialization...
         Starting Set console font and keymap...
         Starting Tell Plymouth To Write Out Runtime Data...
[[0;32m  OK  [0m] Started Apply Kernel Variables.
[[0;32m  OK  [0m] Started Set console font and keymap.
[[0;32m  OK  [0m] Started Tell Plymouth To Write Out Runtime Data.
[[0;32m  OK  [0m] Started Flush Journal to Persistent Storage.
[[0;32m  OK  [0m] Found device /dev/ttyS0.
         Starting Create Volatile Files and Directories...
[[0;32m  OK  [0m] Started ebtables ruleset management.
[[0;32m  OK  [0m] Started Create Volatile Files and Directories.
         Starting Update UTMP about System Boot/Shutdown...
[[0;32m  OK  [0m] Listening on Load/Save RF Kill Switch Status /dev/rfkill Watch.
[[0;32m  OK  [0m] Started Update UTMP about System Boot/Shutdown.
[[0;32m  OK  [0m] Started AppArmor initialization.
         Starting Load AppArmor profiles managed internally by snapd...
         Starting Initial cloud-init job (pre-networking)...
         Mounting Arbitrary Executable File Formats File System...
[[0;32m  OK  [0m] Mounted Arbitrary Executable File Formats File System.
[[0;32m  OK  [0m] Started Load AppArmor profiles managed internally by snapd.
[   12.170915] cloud-init[618]: Cloud-init v. 22.4.2-0ubuntu0~18.04.1 running 'init-local' at Wed, 01 Mar 2023 09:26:45 +0000. Up 11.25 seconds.
[[0;32m  OK  [0m] Started Initial cloud-init job (pre-networking).
[[0;32m  OK  [0m] Reached target Network (Pre).
         Starting Network Service...
[[0;32m  OK  [0m] Started Network Service.
         Starting Network Name Resolution...
         Starting Wait for Network to be Configured...
[[0;32m  OK  [0m] Started Network Name Resolution.
[[0;32m  OK  [0m] Reached target Network.
[[0;32m  OK  [0m] Reached target Host and Network Name Lookups.
[[0;32m  OK  [0m] Started Wait for Network to be Configured.
         Starting Initial cloud-init job (metadata service crawler)...
[   14.093179] cloud-init[732]: Cloud-init v. 22.4.2-0ubuntu0~18.04.1 running 'init' at Wed, 01 Mar 2023 09:26:48 +0000. Up 13.97 seconds.
[   14.095367] cloud-init[732]: ci-info: ++++++++++++++++++++++++++++++++++++++Net device info++++++++++++++++++++++++++++++++++++++
[   14.097693] cloud-init[732]: ci-info: +--------+------+----------------------------+---------------+--------+-------------------+
[   14.099409] cloud-init[732]: ci-info: | Device |  Up  |          Address           |      Mask     | Scope  |     Hw-Address    |
[   14.101073] cloud-init[732]: ci-info: +--------+------+----------------------------+---------------+--------+-------------------+
[   14.102781] cloud-init[732]: ci-info: | enp0s3 | True |         10.0.2.15          | 255.255.255.0 | global | 02:ea:ac:f2:75:47 |
[   14.104933] cloud-init[732]: ci-info: | enp0s3 | True | fe80::ea:acff:fef2:7547/64 |       .       |  link  | 02:ea:ac:f2:75:47 |
[   14.106573] cloud-init[732]: ci-info: |   lo   | True |         127.0.0.1          |   255.0.0.0   |  host  |         .         |
[   14.108177] cloud-init[732]: ci-info: |   lo   | True |          ::1/128           |       .       |  host  |         .         |
[   14.109683] cloud-init[732]: ci-info: +--------+------+----------------------------+---------------+--------+-------------------+
[   14.111884] cloud-init[732]: ci-info: ++++++++++++++++++++++++++++Route IPv4 info+++++++++++++++++++++++++++++
[   14.113441] cloud-init[732]: ci-info: +-------+-------------+----------+-----------------+-----------+-------+
[   14.114905] cloud-init[732]: ci-info: | Route | Destination | Gateway  |     Genmask     | Interface | Flags |
[   14.116320] cloud-init[732]: ci-info: +-------+-------------+----------+-----------------+-----------+-------+
[   14.117604] cloud-init[732]: ci-info: |   0   |   0.0.0.0   | 10.0.2.2 |     0.0.0.0     |   enp0s3  |   UG  |
[   14.119566] cloud-init[732]: ci-info: |   1   |   10.0.2.0  | 0.0.0.0  |  255.255.255.0  |   enp0s3  |   U   |
[   14.121230] cloud-init[732]: ci-info: |   2   |   10.0.2.2  | 0.0.0.0  | 255.255.255.255 |   enp0s3  |   UH  |
[   14.122899] cloud-init[732]: ci-info: +-------+-------------+----------+-----------------+-----------+-------+
[   14.124204] cloud-init[732]: ci-info: +++++++++++++++++++Route IPv6 info+++++++++++++++++++
[   14.125261] cloud-init[732]: ci-info: +-------+-------------+---------+-----------+-------+
[   14.126543] cloud-init[732]: ci-info: | Route | Destination | Gateway | Interface | Flags |
[   14.128021] cloud-init[732]: ci-info: +-------+-------------+---------+-----------+-------+
[   14.129255] cloud-init[732]: ci-info: |   1   |  fe80::/64  |    ::   |   enp0s3  |   U   |
[   14.130349] cloud-init[732]: ci-info: |   3   |    local    |    ::   |   enp0s3  |   U   |
[   14.131500] cloud-init[732]: ci-info: |   4   |   ff00::/8  |    ::   |   enp0s3  |   U   |
[   14.132631] cloud-init[732]: ci-info: +-------+-------------+---------+-----------+-------+
[[0;32m  OK  [0m] Started Initial cloud-init job (metadata service crawler).
[[0;32m  OK  [0m] Reached target Network is Online.
         Starting Availability of block devices...
[[0;32m  OK  [0m] Reached target Remote File Systems (Pre).
         Mounting /vagrant...
[[0;32m  OK  [0m] Reached target System Initialization.
[[0;32m  OK  [0m] Listening on ACPID Listen Socket.
[[0;32m  OK  [0m] Started Message of the Day.
[[0;32m  OK  [0m] Started Daily Cleanup of Temporary Directories.
[[0;32m  OK  [0m] Listening on cloud-init hotplug hook socket.
[[0;32m  OK  [0m] Started Daily apt download activities.
[[0;32m  OK  [0m] Started Daily apt upgrade and clean activities.
[[0;32m  OK  [0m] Listening on Open-iSCSI iscsid Socket.
[[0;32m  OK  [0m] Listening on D-Bus System Message Bus Socket.
[[0;32m  OK  [0m] Listening on UUID daemon activation socket.
[[0;32m  OK  [0m] Started Ubuntu Advantage Timer for running repeated jobs.
[[0;32m  OK  [0m] Started Discard unused blocks once a week.
[[0;32m  OK  [0m] Reached target Timers.
         Starting Socket activation for snappy daemon.
[[0;32m  OK  [0m] Started ACPI Events Check.
[[0;32m  OK  [0m] Reached target Paths.
         Starting LXD - unix socket.
[[0;32m  OK  [0m] Reached target Cloud-config availability.
[[0;32m  OK  [0m] Started Availability of block devices.
[[0;32m  OK  [0m] Mounted /vagrant.
[[0;32m  OK  [0m] Listening on Socket activation for snappy daemon.
[[0;32m  OK  [0m] Listening on LXD - unix socket.
[[0;32m  OK  [0m] Reached target Sockets.
[[0;32m  OK  [0m] Reached target Basic System.
[[0;32m  OK  [0m] Started Deferred execution scheduler.
[[0;32m  OK  [0m] Started Regular background program processing daemon.
[[0;32m  OK  [0m] Started FUSE filesystem for LXC.
         Starting Accounts Service...
[[0;32m  OK  [0m] Started D-Bus System Message Bus.
         Starting Login Service...
[[0;32m  OK  [0m] Reached target Login Prompts (Pre).
         Starting Dispatcher daemon for systemd-networkd...
         Starting Message of the Day...
         Starting Virtualbox guest utils...
         Starting LXD - container startup/shutdown...
         Starting Snap Daemon...
         Starting System Logging Service...
[[0;32m  OK  [0m] Started irqbalance daemon.
         Starting OpenBSD Secure Shell server...
         Starting LSB: Record successful boot for GRUB...
[[0;32m  OK  [0m] Reached target Remote File Systems.
         Starting LSB: automatic crash report generation...
         Starting Permit User Sessions...
[[0;32m  OK  [0m] Started System Logging Service.
[[0;32m  OK  [0m] Started Login Service.
[[0;32m  OK  [0m] Started Permit User Sessions.
         Starting Terminate Plymouth Boot Screen...
         Starting Hold until boot process finishes up...
         Starting Authorization Manager...
[[0;32m  OK  [0m] Started Unattended Upgrades Shutdown.
[[0;32m  OK  [0m] Started Hold until boot process finishes up.
[[0;32m  OK  [0m] Started Serial Getty on ttyS0.
         Starting Set console scheme...
[[0;32m  OK  [0m] Started Terminate Plymouth Boot Screen.
[[0;32m  OK  [0m] Started OpenBSD Secure Shell server.
[[0;32m  OK  [0m] Started Authorization Manager.
[[0;32m  OK  [0m] Started Accounts Service.
[[0;32m  OK  [0m] Started Set console scheme.
[[0;32m  OK  [0m] Created slice system-getty.slice.
[[0;32m  OK  [0m] Started Getty on tty1.
[[0;32m  OK  [0m] Reached target Login Prompts.
[[0;32m  OK  [0m] Started Dispatcher daemon for systemd-networkd.
[[0;32m  OK  [0m] Started LSB: automatic crash report generation.
[[0;32m  OK  [0m] Started LXD - container startup/shutdown.
[[0;32m  OK  [0m] Started Virtualbox guest utils.
[[0;32m  OK  [0m] Started LSB: Record successful boot for GRUB.
[[0;32m  OK  [0m] Started Snap Daemon.
         Starting Wait until snapd is fully seeded...
         Starting Time & Date Service...
[[0;32m  OK  [0m] Started Time & Date Service.
[[0;32m  OK  [0m] Started Message of the Day.
[[0;32m  OK  [0m] Started Wait until snapd is fully seeded.
         Starting Apply the settings specified in cloud-config...
[   16.151463] cloud-init[1302]: Cloud-init v. 22.4.2-0ubuntu0~18.04.1 running 'modules:config' at Wed, 01 Mar 2023 09:26:50 +0000. Up 16.06 seconds.
[[0;32m  OK  [0m] Started Apply the settings specified in cloud-config.
[[0;32m  OK  [0m] Reached target Multi-User System.
[[0;32m  OK  [0m] Reached target Graphical Interface.
         Starting Execute cloud user/final scripts...
         Starting Update UTMP about System Runlevel Changes...
[[0;32m  OK  [0m] Started Update UTMP about System Runlevel Changes.
[   16.628017] cloud-init[1347]: Cloud-init v. 22.4.2-0ubuntu0~18.04.1 running 'modules:final' at Wed, 01 Mar 2023 09:26:50 +0000. Up 16.52 seconds.
[   16.629340] cloud-init[1347]: Cloud-init v. 22.4.2-0ubuntu0~18.04.1 finished at Wed, 01 Mar 2023 09:26:51 +0000. Datasource DataSourceNoCloud [seed=/dev/sdb][dsmode=net].  Up 16.62 seconds
[[0;32m  OK  [0m] Started Execute cloud user/final scripts.
[[0;32m  OK  [0m] Reached target Cloud-init target.

Ubuntu 18.04.6 LTS ubuntu-bionic ttyS0

ubuntu-bionic login: 